<?xml version="1.0" encoding="UTF-8"?>
<!-- Generated by org.testng.reporters.JUnitReportReporter -->
<testsuite skipped="0" hostname="MissionPossible" name="JenkinsTutorial.FlightBooking" tests="1" failures="0" timestamp="03 Jun 2018 17:31:36 GMT" time="20.966" errors="0">
  <testcase name="SimpleProgram" time="20.966" classname="JenkinsTutorial.FlightBooking"/>
</testsuite> <!-- JenkinsTutorial.FlightBooking -->
