<?xml version="1.0" encoding="UTF-8"?>
<!-- Generated by org.testng.reporters.JUnitReportReporter -->
<testsuite skipped="0" hostname="MissionPossible" name="JenkinsTutorial.FlightBooking" tests="1" failures="0" timestamp="03 Jun 2018 19:35:10 GMT" time="26.468" errors="0">
  <testcase name="SimpleProgram" time="26.468" classname="JenkinsTutorial.FlightBooking"/>
</testsuite> <!-- JenkinsTutorial.FlightBooking -->
